<?xml version="1.0" encoding="UTF-8"?>
<testng-results ignored="0" total="5" passed="5" failed="0" skipped="0">
  <reporter-output>
  </reporter-output>
  <suite started-at="2025-02-21T06:17:25 UTC" name="Default suite" finished-at="2025-02-21T06:18:03 UTC" duration-ms="37814">
    <groups>
      <group name="cucumber">
        <method signature="AbstractTestNGCucumberTests.runScenario(io.cucumber.testng.PickleWrapper,io.cucumber.testng.FeatureWrapper)[pri:0, instance:ZebraPackage.TestRunnerClass@5c671d7f]" name="runScenario" class="io.cucumber.testng.AbstractTestNGCucumberTests"/>
      </group> <!-- cucumber -->
    </groups>
    <test started-at="2025-02-21T06:17:25 UTC" name="Default test" finished-at="2025-02-21T06:18:03 UTC" duration-ms="37814">
      <class name="ZebraPackage.TestRunnerClass">
        <test-method is-config="true" signature="setUpClass(org.testng.ITestContext)[pri:0, instance:ZebraPackage.TestRunnerClass@5c671d7f]" started-at="2025-02-21T06:17:25 UTC" name="setUpClass" finished-at="2025-02-21T06:17:32 UTC" duration-ms="6819" status="PASS">
          <params>
            <param index="0">
              <value>
                <![CDATA[org.testng.TestRunner@2dd0f797]]>
              </value>
            </param>
          </params>
          <reporter-output>
          </reporter-output>
        </test-method> <!-- setUpClass -->
        <test-method signature="runScenario(io.cucumber.testng.PickleWrapper,io.cucumber.testng.FeatureWrapper)[pri:0, instance:ZebraPackage.TestRunnerClass@5c671d7f]" started-at="2025-02-21T06:17:32 UTC" name="runScenario" description="Runs Cucumber Scenarios" data-provider="scenarios" finished-at="2025-02-21T06:17:35 UTC" duration-ms="3399" status="PASS">
          <params>
            <param index="0">
              <value>
                <![CDATA["Launching the URL"]]>
              </value>
            </param>
            <param index="1">
              <value>
                <![CDATA["Test Scenarios for Various Navigation and Search Functionalities"]]>
              </value>
            </param>
          </params>
          <reporter-output>
          </reporter-output>
        </test-method> <!-- runScenario -->
        <test-method signature="runScenario(io.cucumber.testng.PickleWrapper,io.cucumber.testng.FeatureWrapper)[pri:0, instance:ZebraPackage.TestRunnerClass@5c671d7f]" started-at="2025-02-21T06:17:35 UTC" name="runScenario" description="Runs Cucumber Scenarios" data-provider="scenarios" finished-at="2025-02-21T06:17:41 UTC" duration-ms="5779" status="PASS">
          <params>
            <param index="0">
              <value>
                <![CDATA["Industry and Mobile Technology Navigation"]]>
              </value>
            </param>
            <param index="1">
              <value>
                <![CDATA["Test Scenarios for Various Navigation and Search Functionalities"]]>
              </value>
            </param>
          </params>
          <reporter-output>
          </reporter-output>
        </test-method> <!-- runScenario -->
        <test-method signature="runScenario(io.cucumber.testng.PickleWrapper,io.cucumber.testng.FeatureWrapper)[pri:0, instance:ZebraPackage.TestRunnerClass@5c671d7f]" started-at="2025-02-21T06:17:41 UTC" name="runScenario" description="Runs Cucumber Scenarios" data-provider="scenarios" finished-at="2025-02-21T06:17:47 UTC" duration-ms="5620" status="PASS">
          <params>
            <param index="0">
              <value>
                <![CDATA["Search & Profile View"]]>
              </value>
            </param>
            <param index="1">
              <value>
                <![CDATA["Test Scenarios for Various Navigation and Search Functionalities"]]>
              </value>
            </param>
          </params>
          <reporter-output>
          </reporter-output>
        </test-method> <!-- runScenario -->
        <test-method signature="runScenario(io.cucumber.testng.PickleWrapper,io.cucumber.testng.FeatureWrapper)[pri:0, instance:ZebraPackage.TestRunnerClass@5c671d7f]" started-at="2025-02-21T06:17:47 UTC" name="runScenario" description="Runs Cucumber Scenarios" data-provider="scenarios" finished-at="2025-02-21T06:17:54 UTC" duration-ms="7756" status="PASS">
          <params>
            <param index="0">
              <value>
                <![CDATA["Search Filtering & Home Page Navigation"]]>
              </value>
            </param>
            <param index="1">
              <value>
                <![CDATA["Test Scenarios for Various Navigation and Search Functionalities"]]>
              </value>
            </param>
          </params>
          <reporter-output>
          </reporter-output>
        </test-method> <!-- runScenario -->
        <test-method signature="runScenario(io.cucumber.testng.PickleWrapper,io.cucumber.testng.FeatureWrapper)[pri:0, instance:ZebraPackage.TestRunnerClass@5c671d7f]" started-at="2025-02-21T06:17:54 UTC" name="runScenario" description="Runs Cucumber Scenarios" data-provider="scenarios" finished-at="2025-02-21T06:18:02 UTC" duration-ms="7683" status="PASS">
          <params>
            <param index="0">
              <value>
                <![CDATA["Fill Contact Form and Return to Homepage"]]>
              </value>
            </param>
            <param index="1">
              <value>
                <![CDATA["Test Scenarios for Various Navigation and Search Functionalities"]]>
              </value>
            </param>
          </params>
          <reporter-output>
          </reporter-output>
        </test-method> <!-- runScenario -->
        <test-method is-config="true" signature="tearDownClass()[pri:0, instance:ZebraPackage.TestRunnerClass@5c671d7f]" started-at="2025-02-21T06:18:02 UTC" name="tearDownClass" finished-at="2025-02-21T06:18:03 UTC" duration-ms="693" status="PASS">
          <reporter-output>
          </reporter-output>
        </test-method> <!-- tearDownClass -->
      </class> <!-- ZebraPackage.TestRunnerClass -->
    </test> <!-- Default test -->
  </suite> <!-- Default suite -->
</testng-results>
