<?xml version="1.0" encoding="UTF-8"?>
<!-- Generated by org.testng.reporters.JUnitXMLReporter -->
<testsuite ignored="0" hostname="VM-Lab34-1-440" failures="0" tests="5" name="Default test" time="35.003" errors="0" timestamp="2025-02-19T18:45:42 UTC">
  <testcase classname="TestNGpackage.ZebraURL" name="closePopupAndTakeHomepageScreenshot" time="2.08"/>
  <testcase classname="TestNGpackage.ZebraURL" name="navigateToDifferentSections" time="5.989"/>
  <testcase classname="TestNGpackage.ZebraURL" name="searchPartnerByABC" time="9.042"/>
  <testcase classname="TestNGpackage.ZebraURL" name="searchPartnerByWave" time="6.743"/>
  <testcase classname="TestNGpackage.ZebraURL" name="fillPartnerContactForm" time="5.669"/>
</testsuite> <!-- Default test -->
